<?xml version="1.0" encoding="UTF-8"?>
<!-- Generated by org.testng.reporters.JUnitXMLReporter -->
<testsuite ignored="0" hostname="DESKTOP-6TT70E1" failures="1" tests="8" name="Test1" time="131.215" errors="0" timestamp="15 Apr 2023 22:15:59 GMT">
  <testcase classname="TestCases.LoginTest" name="verifyLoginWithValidCredentials" time="0.894"/>
  <testcase classname="TestCases.LoginTest" name="verifyLoginWithValidCredentials" time="0.89"/>
  <testcase classname="TestCases.LoginTest" name="verifyLoginWithValidCredentials" time="0.936"/>
  <testcase classname="TestCases.LoginTest" name="verifyLoginWithInvalidCredentials" time="0.624"/>
  <testcase classname="TestCases.LoginTest" name="verifyLoginWithValidEmailidInvalidPassword" time="6.254"/>
  <testcase classname="TestCases.LoginTest" name="verifyLoginWithInvalidEmailidValidPassword" time="1.094">
    <failure type="org.openqa.selenium.NoSuchElementException" message="no such element: Unable to locate element: {&amp;quot;method&amp;quot;:&amp;quot;xpath&amp;quot;,&amp;quot;selector&amp;quot;:&amp;quot;//div[contains(text(), &amp;apos;Warning: No match for E-Mail Address and/or Password.&amp;apos; )]&amp;quot;}
  (Session info: chrome=112.0.5615.87)
For documentation on this error, please visit: https://selenium.dev/exceptions/#no_such_element
Build info: version: &amp;apos;4.8.1&amp;apos;, revision: &amp;apos;8ebccac989&amp;apos;
System info: os.name: &amp;apos;Windows 10&amp;apos;, os.arch: &amp;apos;amd64&amp;apos;, os.version: &amp;apos;10.0&amp;apos;, java.version: &amp;apos;17.0.5&amp;apos;
Driver info: org.openqa.selenium.chrome.ChromeDriver
Command: [d74952c6233248f7db815bd5cf9087f2, findElement {using=xpath, value=//div[contains(text(), &amp;apos;Warning: No match for E-Mail Address and/or Password.&amp;apos; )]}]
Capabilities {acceptInsecureCerts: false, browserName: chrome, browserVersion: 112.0.5615.87, chrome: {chromedriverVersion: 112.0.5615.49 (bd2a7bcb881c..., userDataDir: C:\Users\Salima\AppData\Loc...}, goog:chromeOptions: {debuggerAddress: localhost:54793}, networkConnectionEnabled: false, pageLoadStrategy: eager, platformName: WINDOWS, proxy: Proxy(), se:cdp: ws://localhost:54793/devtoo..., se:cdpVersion: 112.0.5615.87, setWindowRect: true, strictFileInteractability: false, timeouts: {implicit: 0, pageLoad: 300000, script: 30000}, unhandledPromptBehavior: dismiss and notify, webauthn:extension:credBlob: true, webauthn:extension:largeBlob: true, webauthn:extension:minPinLength: true, webauthn:extension:prf: true, webauthn:virtualAuthenticators: true}
Session ID: d74952c6233248f7db815bd5cf9087f2">
      <![CDATA[org.openqa.selenium.NoSuchElementException: no such element: Unable to locate element: {"method":"xpath","selector":"//div[contains(text(), 'Warning: No match for E-Mail Address and/or Password.' )]"}
  (Session info: chrome=112.0.5615.87)
For documentation on this error, please visit: https://selenium.dev/exceptions/#no_such_element
Build info: version: '4.8.1', revision: '8ebccac989'
System info: os.name: 'Windows 10', os.arch: 'amd64', os.version: '10.0', java.version: '17.0.5'
Driver info: org.openqa.selenium.chrome.ChromeDriver
Command: [d74952c6233248f7db815bd5cf9087f2, findElement {using=xpath, value=//div[contains(text(), 'Warning: No match for E-Mail Address and/or Password.' )]}]
Capabilities {acceptInsecureCerts: false, browserName: chrome, browserVersion: 112.0.5615.87, chrome: {chromedriverVersion: 112.0.5615.49 (bd2a7bcb881c..., userDataDir: C:\Users\Salima\AppData\Loc...}, goog:chromeOptions: {debuggerAddress: localhost:54793}, networkConnectionEnabled: false, pageLoadStrategy: eager, platformName: WINDOWS, proxy: Proxy(), se:cdp: ws://localhost:54793/devtoo..., se:cdpVersion: 112.0.5615.87, setWindowRect: true, strictFileInteractability: false, timeouts: {implicit: 0, pageLoad: 300000, script: 30000}, unhandledPromptBehavior: dismiss and notify, webauthn:extension:credBlob: true, webauthn:extension:largeBlob: true, webauthn:extension:minPinLength: true, webauthn:extension:prf: true, webauthn:virtualAuthenticators: true}
Session ID: d74952c6233248f7db815bd5cf9087f2
at org.openqa.selenium.remote.codec.w3c.W3CHttpResponseCodec.createException(W3CHttpResponseCodec.java:200)
at org.openqa.selenium.remote.codec.w3c.W3CHttpResponseCodec.decode(W3CHttpResponseCodec.java:133)
at org.openqa.selenium.remote.codec.w3c.W3CHttpResponseCodec.decode(W3CHttpResponseCodec.java:53)
at org.openqa.selenium.remote.HttpCommandExecutor.execute(HttpCommandExecutor.java:184)
at org.openqa.selenium.remote.service.DriverCommandExecutor.invokeExecute(DriverCommandExecutor.java:167)
at org.openqa.selenium.remote.service.DriverCommandExecutor.execute(DriverCommandExecutor.java:142)
at org.openqa.selenium.remote.RemoteWebDriver.execute(RemoteWebDriver.java:543)
at org.openqa.selenium.remote.ElementLocation$ElementFinder$2.findElement(ElementLocation.java:162)
at org.openqa.selenium.remote.ElementLocation.findElement(ElementLocation.java:60)
at org.openqa.selenium.remote.RemoteWebDriver.findElement(RemoteWebDriver.java:352)
at org.openqa.selenium.remote.RemoteWebDriver.findElement(RemoteWebDriver.java:344)
at org.openqa.selenium.support.pagefactory.DefaultElementLocator.findElement(DefaultElementLocator.java:70)
at org.openqa.selenium.support.pagefactory.internal.LocatingElementHandler.invoke(LocatingElementHandler.java:39)
at jdk.proxy2/jdk.proxy2.$Proxy18.getText(Unknown Source)
at Pages.LoginPage.WarningMessage(LoginPage.java:55)
at TestCases.LoginTest.verifyLoginWithInvalidEmailidValidPassword(LoginTest.java:93)
... Removed 30 stack frames]]>
    </failure>
  </testcase> <!-- verifyLoginWithInvalidEmailidValidPassword -->
  <testcase classname="TestCases.LoginTest" name="verifyLoginWithoutProvidingCredentials" time="1.92"/>
  <testcase classname="TestCases.LoginTest" name="verifyForgottenPasswordLink" time="9.377"/>
</testsuite> <!-- Test1 -->
